{
  "RSpec": {
    "coverage": {
      "/root/cs3300project/app/models/user.rb": {
        "lines": [
          1,
          null,
          null,
          1,
          null,
          null
        ]
      },
      "/root/cs3300project/app/models/application_record.rb": {
        "lines": [
          1,
          1,
          null
        ]
      },
      "/root/cs3300project/app/helpers/application_helper.rb": {
        "lines": [
          1,
          null
        ]
      },
      "/root/cs3300project/app/helpers/matches_helper.rb": {
        "lines": [
          1,
          null
        ]
      },
      "/root/cs3300project/app/controllers/matches_controller.rb": {
        "lines": [
          1,
          1,
          1,
          null,
          1,
          7,
          null,
          null,
          null,
          1,
          null,
          null,
          null,
          1,
          5,
          null,
          null,
          null,
          1,
          null,
          null,
          null,
          1,
          5,
          null,
          5,
          5,
          4,
          2,
          null,
          6,
          3,
          null,
          null,
          null,
          null,
          null,
          1,
          6,
          6,
          6,
          3,
          null,
          6,
          3,
          null,
          null,
          null,
          null,
          null,
          1,
          0,
          null,
          0,
          0,
          0,
          null,
          null,
          null,
          1,
          null,
          1,
          17,
          null,
          null,
          null,
          1,
          11,
          null,
          null
        ]
      },
      "/root/cs3300project/app/controllers/application_controller.rb": {
        "lines": [
          1,
          1,
          1,
          null
        ]
      },
      "/root/cs3300project/app/models/match.rb": {
        "lines": [
          1,
          1,
          null
        ]
      },
      "/root/cs3300project/app/models/ability.rb": {
        "lines": [
          null,
          null,
          1,
          1,
          null,
          1,
          1,
          null,
          1,
          1,
          1,
          1,
          null,
          null,
          null,
          null,
          null,
          null,
          null,
          null,
          null,
          null,
          null,
          null,
          null,
          null,
          null,
          null,
          null,
          null,
          null,
          null,
          null,
          null,
          null,
          null,
          null,
          null,
          null
        ]
      },
      "/root/cs3300project/app/channels/application_cable/channel.rb": {
        "lines": [
          1,
          1,
          null,
          null
        ]
      },
      "/root/cs3300project/app/channels/application_cable/connection.rb": {
        "lines": [
          1,
          1,
          null,
          null
        ]
      },
      "/root/cs3300project/app/jobs/application_job.rb": {
        "lines": [
          1,
          null,
          null,
          null,
          null,
          null,
          null
        ]
      },
      "/root/cs3300project/app/mailers/application_mailer.rb": {
        "lines": [
          1,
          1,
          1,
          null
        ]
      }
    },
    "timestamp": 1682195606
  }
}
